<?xml version="1.0" encoding="UTF-8"?>
<!-- Generated by org.testng.reporters.JUnitReportReporter -->
<testsuite hostname="Aashutosh" failures="0" tests="4" name="selenium.Testing1" time="0.002" errors="0" timestamp="29 Jan 2023 14:52:46 GMT" skipped="0">
  <testcase classname="selenium.Testing1" name="Test2" time="0.000"/>
  <testcase classname="selenium.Testing1" name="abc" time="0.001"/>
  <testcase classname="selenium.Testing1" name="abc" time="0.001"/>
  <testcase classname="selenium.Testing1" name="Test1" time="0.000"/>
</testsuite> <!-- selenium.Testing1 -->
